<?xml version="1.0" encoding="UTF-8"?>
<!-- Generated by org.testng.reporters.JUnitXMLReporter -->
<testsuite hostname="Lilia" ignored="0" name="ChromeTest" tests="4" failures="0" timestamp="25 черв. 2017 17:31:37 GMT" time="62.351" errors="0">
  <testcase name="changeFilter" time="23.123" classname="tests.SeleniumGridTest.ChromGridTest"/>
  <testcase name="changePswrd" time="12.027" classname="tests.SeleniumGridTest.ChromGridTest"/>
  <testcase name="sendLetter" time="8.826" classname="tests.SeleniumGridTest.ChromGridTest"/>
  <testcase name="makeContact" time="9.325" classname="tests.SeleniumGridTest.ChromGridTest"/>
</testsuite> <!-- ChromeTest -->
