<?xml version="1.0" encoding="UTF-8"?>
<!-- Generated by org.testng.reporters.JUnitXMLReporter -->
<testsuite hostname="Lilia" ignored="0" name="FirefoxTest" tests="4" failures="0" timestamp="25 черв. 2017 17:40:26 GMT" time="65.43" errors="0">
  <testcase name="changeFilter" time="18.177" classname="tests.SeleniumGridTest.ChromGridTest"/>
  <testcase name="changePswrd" time="13.312" classname="tests.SeleniumGridTest.ChromGridTest"/>
  <testcase name="sendLetter" time="6.53" classname="tests.SeleniumGridTest.ChromGridTest"/>
  <testcase name="makeContact" time="8.499" classname="tests.SeleniumGridTest.ChromGridTest"/>
</testsuite> <!-- FirefoxTest -->
