<?xml version="1.0" encoding="UTF-8"?>
<!-- Generated by org.testng.reporters.JUnitXMLReporter -->
<testsuite hostname="Lilia" ignored="0" name="IETest" tests="5" failures="1" timestamp="25 черв. 2017 17:40:29 GMT" time="67.731" errors="0">
  <testcase name="@BeforeMethod openLoginPage" time="0.329" classname="tests.SeleniumGridTest.ChromGridTest">
    <failure type="org.openqa.selenium.NoSuchWindowException" message="Unable to get browser (WARNING: The server did not provide any stacktrace information)
Command duration or timeout: 14 milliseconds
Build info: version: &amp;apos;3.4.0&amp;apos;, revision: &amp;apos;unknown&amp;apos;, time: &amp;apos;unknown&amp;apos;
System info: host: &amp;apos;LILIA&amp;apos;, ip: &amp;apos;192.168.2.104&amp;apos;, os.name: &amp;apos;Windows 8.1&amp;apos;, os.arch: &amp;apos;amd64&amp;apos;, os.version: &amp;apos;6.3&amp;apos;, java.version: &amp;apos;1.8.0_131&amp;apos;
Driver info: org.openqa.selenium.ie.InternetExplorerDriver
Capabilities [{se:ieOptions={browserAttachTimeout=0.0, ie.enableFullPageScreenshot=true, enablePersistentHover=false, ie.forceCreateProcessApi=false, ie.forceShellWindowsApi=false, ignoreZoomSetting=false, ie.fileUploadDialogTimeout=3000.0, ie.useLegacyFileUploadDialogHandling=false, nativeEvents=true, ie.ensureCleanSession=false, elementScrollBehavior=0.0, ie.browserCommandLineSwitches=, requireWindowFocus=true, initialBrowserUrl=http://localhost:15493/, ignoreProtectedModeSettings=true, enableElementCacheCleanup=true}, browserName=internet explorer, pageLoadStrategy=normal, javascriptEnabled=true, version=11, platform=WINDOWS, unexpectedAlertBehaviour=dismiss}]
Session ID: 77b692fc-b457-4d80-849d-fca101920d5b
Command duration or timeout: 328 milliseconds">
      <![CDATA[org.openqa.selenium.NoSuchWindowException: Unable to get browser (WARNING: The server did not provide any stacktrace information)
Command duration or timeout: 14 milliseconds
Build info: version: '3.4.0', revision: 'unknown', time: 'unknown'
System info: host: 'LILIA', ip: '192.168.2.104', os.name: 'Windows 8.1', os.arch: 'amd64', os.version: '6.3', java.version: '1.8.0_131'
Driver info: org.openqa.selenium.ie.InternetExplorerDriver
Capabilities [{se:ieOptions={browserAttachTimeout=0.0, ie.enableFullPageScreenshot=true, enablePersistentHover=false, ie.forceCreateProcessApi=false, ie.forceShellWindowsApi=false, ignoreZoomSetting=false, ie.fileUploadDialogTimeout=3000.0, ie.useLegacyFileUploadDialogHandling=false, nativeEvents=true, ie.ensureCleanSession=false, elementScrollBehavior=0.0, ie.browserCommandLineSwitches=, requireWindowFocus=true, initialBrowserUrl=http://localhost:15493/, ignoreProtectedModeSettings=true, enableElementCacheCleanup=true}, browserName=internet explorer, pageLoadStrategy=normal, javascriptEnabled=true, version=11, platform=WINDOWS, unexpectedAlertBehaviour=dismiss}]
Session ID: 77b692fc-b457-4d80-849d-fca101920d5b
Command duration or timeout: 328 milliseconds
	at org.openqa.selenium.remote.ErrorHandler.createThrowable(ErrorHandler.java:215)
	at org.openqa.selenium.remote.ErrorHandler.throwIfResponseFailed(ErrorHandler.java:167)
	at org.openqa.selenium.remote.RemoteWebDriver.execute(RemoteWebDriver.java:671)
	at org.openqa.selenium.remote.RemoteWebDriver.get(RemoteWebDriver.java:364)
	at pages.LoginPage.open(LoginPage.java:29)
	at tests.SeleniumGridTest.ChromGridTest.openLoginPage(ChromGridTest.java:69)
	at java.util.concurrent.FutureTask.run(Unknown Source)
	at java.util.concurrent.ThreadPoolExecutor.runWorker(Unknown Source)
	at java.util.concurrent.ThreadPoolExecutor$Worker.run(Unknown Source)
	at java.lang.Thread.run(Unknown Source)
Caused by: org.openqa.selenium.remote.ScreenshotException: Screen shot has been taken
	at org.openqa.selenium.remote.ErrorHandler.throwIfResponseFailed(ErrorHandler.java:141)
	... 26 more
Caused by: org.openqa.selenium.NoSuchWindowException: Unable to get browser (WARNING: The server did not provide any stacktrace information)
Command duration or timeout: 14 milliseconds
Build info: version: '3.4.0', revision: 'unknown', time: 'unknown'
System info: host: 'LILIA', ip: '192.168.2.104', os.name: 'Windows 8.1', os.arch: 'amd64', os.version: '6.3', java.version: '1.8.0_131'
Driver info: org.openqa.selenium.ie.InternetExplorerDriver
Capabilities [{se:ieOptions={browserAttachTimeout=0.0, ie.enableFullPageScreenshot=true, enablePersistentHover=false, ie.forceCreateProcessApi=false, ie.forceShellWindowsApi=false, ignoreZoomSetting=false, ie.fileUploadDialogTimeout=3000.0, ie.useLegacyFileUploadDialogHandling=false, nativeEvents=true, ie.ensureCleanSession=false, elementScrollBehavior=0.0, ie.browserCommandLineSwitches=, requireWindowFocus=true, initialBrowserUrl=http://localhost:15493/, ignoreProtectedModeSettings=true, enableElementCacheCleanup=true}, browserName=internet explorer, pageLoadStrategy=normal, javascriptEnabled=true, version=11, platform=WINDOWS, unexpectedAlertBehaviour=dismiss}]
Session ID: 77b692fc-b457-4d80-849d-fca101920d5b
Build info: version: '3.4.0', revision: 'unknown', time: 'unknown'
System info: host: 'LILIA', ip: '192.168.2.104', os.name: 'Windows 8.1', os.arch: 'amd64', os.version: '6.3', java.version: '1.8.0_131'
Driver info: driver.version: EventFiringWebDriver
	at org.openqa.selenium.remote.ErrorHandler.createThrowable(ErrorHandler.java:215)
	at org.openqa.selenium.remote.ErrorHandler.throwIfResponseFailed(ErrorHandler.java:167)
	at org.openqa.selenium.remote.RemoteWebDriver.execute(RemoteWebDriver.java:671)
	at org.openqa.selenium.remote.RemoteWebDriver.get(RemoteWebDriver.java:364)
	at org.openqa.selenium.support.events.EventFiringWebDriver$2.invoke(EventFiringWebDriver.java:104)
	at com.sun.proxy.$Proxy6.get(Unknown Source)
	at org.openqa.selenium.support.events.EventFiringWebDriver.get(EventFiringWebDriver.java:163)
	at org.openqa.selenium.remote.server.handler.ChangeUrl.call(ChangeUrl.java:40)
	at org.openqa.selenium.remote.server.handler.ChangeUrl.call(ChangeUrl.java:25)
	at java.util.concurrent.FutureTask.run(Unknown Source)
	at org.openqa.selenium.remote.server.DefaultSession$1.run(DefaultSession.java:176)
	... 3 more
... Removed 29 stack frames]]>
    </failure>
  </testcase> <!-- @BeforeMethod openLoginPage -->
  <testcase name="@BeforeMethod openLoginPage" time="0.301" classname="tests.SeleniumGridTest.ChromGridTest">
    <failure type="org.openqa.selenium.NoSuchWindowException" message="Unable to get browser (WARNING: The server did not provide any stacktrace information)
Command duration or timeout: 12 milliseconds
Build info: version: &amp;apos;3.4.0&amp;apos;, revision: &amp;apos;unknown&amp;apos;, time: &amp;apos;unknown&amp;apos;
System info: host: &amp;apos;LILIA&amp;apos;, ip: &amp;apos;192.168.2.104&amp;apos;, os.name: &amp;apos;Windows 8.1&amp;apos;, os.arch: &amp;apos;amd64&amp;apos;, os.version: &amp;apos;6.3&amp;apos;, java.version: &amp;apos;1.8.0_131&amp;apos;
Driver info: org.openqa.selenium.ie.InternetExplorerDriver
Capabilities [{se:ieOptions={browserAttachTimeout=0.0, ie.enableFullPageScreenshot=true, enablePersistentHover=false, ie.forceCreateProcessApi=false, ie.forceShellWindowsApi=false, ignoreZoomSetting=false, ie.fileUploadDialogTimeout=3000.0, ie.useLegacyFileUploadDialogHandling=false, nativeEvents=true, ie.ensureCleanSession=false, elementScrollBehavior=0.0, ie.browserCommandLineSwitches=, requireWindowFocus=true, initialBrowserUrl=http://localhost:15493/, ignoreProtectedModeSettings=true, enableElementCacheCleanup=true}, browserName=internet explorer, pageLoadStrategy=normal, javascriptEnabled=true, version=11, platform=WINDOWS, unexpectedAlertBehaviour=dismiss}]
Session ID: 77b692fc-b457-4d80-849d-fca101920d5b
Command duration or timeout: 299 milliseconds">
      <![CDATA[org.openqa.selenium.NoSuchWindowException: Unable to get browser (WARNING: The server did not provide any stacktrace information)
Command duration or timeout: 12 milliseconds
Build info: version: '3.4.0', revision: 'unknown', time: 'unknown'
System info: host: 'LILIA', ip: '192.168.2.104', os.name: 'Windows 8.1', os.arch: 'amd64', os.version: '6.3', java.version: '1.8.0_131'
Driver info: org.openqa.selenium.ie.InternetExplorerDriver
Capabilities [{se:ieOptions={browserAttachTimeout=0.0, ie.enableFullPageScreenshot=true, enablePersistentHover=false, ie.forceCreateProcessApi=false, ie.forceShellWindowsApi=false, ignoreZoomSetting=false, ie.fileUploadDialogTimeout=3000.0, ie.useLegacyFileUploadDialogHandling=false, nativeEvents=true, ie.ensureCleanSession=false, elementScrollBehavior=0.0, ie.browserCommandLineSwitches=, requireWindowFocus=true, initialBrowserUrl=http://localhost:15493/, ignoreProtectedModeSettings=true, enableElementCacheCleanup=true}, browserName=internet explorer, pageLoadStrategy=normal, javascriptEnabled=true, version=11, platform=WINDOWS, unexpectedAlertBehaviour=dismiss}]
Session ID: 77b692fc-b457-4d80-849d-fca101920d5b
Command duration or timeout: 299 milliseconds
	at org.openqa.selenium.remote.ErrorHandler.createThrowable(ErrorHandler.java:215)
	at org.openqa.selenium.remote.ErrorHandler.throwIfResponseFailed(ErrorHandler.java:167)
	at org.openqa.selenium.remote.RemoteWebDriver.execute(RemoteWebDriver.java:671)
	at org.openqa.selenium.remote.RemoteWebDriver.get(RemoteWebDriver.java:364)
	at pages.LoginPage.open(LoginPage.java:29)
	at tests.SeleniumGridTest.ChromGridTest.openLoginPage(ChromGridTest.java:69)
	at java.util.concurrent.FutureTask.run(Unknown Source)
	at java.util.concurrent.ThreadPoolExecutor.runWorker(Unknown Source)
	at java.util.concurrent.ThreadPoolExecutor$Worker.run(Unknown Source)
	at java.lang.Thread.run(Unknown Source)
Caused by: org.openqa.selenium.remote.ScreenshotException: Screen shot has been taken
	at org.openqa.selenium.remote.ErrorHandler.throwIfResponseFailed(ErrorHandler.java:141)
	... 26 more
Caused by: org.openqa.selenium.NoSuchWindowException: Unable to get browser (WARNING: The server did not provide any stacktrace information)
Command duration or timeout: 12 milliseconds
Build info: version: '3.4.0', revision: 'unknown', time: 'unknown'
System info: host: 'LILIA', ip: '192.168.2.104', os.name: 'Windows 8.1', os.arch: 'amd64', os.version: '6.3', java.version: '1.8.0_131'
Driver info: org.openqa.selenium.ie.InternetExplorerDriver
Capabilities [{se:ieOptions={browserAttachTimeout=0.0, ie.enableFullPageScreenshot=true, enablePersistentHover=false, ie.forceCreateProcessApi=false, ie.forceShellWindowsApi=false, ignoreZoomSetting=false, ie.fileUploadDialogTimeout=3000.0, ie.useLegacyFileUploadDialogHandling=false, nativeEvents=true, ie.ensureCleanSession=false, elementScrollBehavior=0.0, ie.browserCommandLineSwitches=, requireWindowFocus=true, initialBrowserUrl=http://localhost:15493/, ignoreProtectedModeSettings=true, enableElementCacheCleanup=true}, browserName=internet explorer, pageLoadStrategy=normal, javascriptEnabled=true, version=11, platform=WINDOWS, unexpectedAlertBehaviour=dismiss}]
Session ID: 77b692fc-b457-4d80-849d-fca101920d5b
Build info: version: '3.4.0', revision: 'unknown', time: 'unknown'
System info: host: 'LILIA', ip: '192.168.2.104', os.name: 'Windows 8.1', os.arch: 'amd64', os.version: '6.3', java.version: '1.8.0_131'
Driver info: driver.version: EventFiringWebDriver
	at org.openqa.selenium.remote.ErrorHandler.createThrowable(ErrorHandler.java:215)
	at org.openqa.selenium.remote.ErrorHandler.throwIfResponseFailed(ErrorHandler.java:167)
	at org.openqa.selenium.remote.RemoteWebDriver.execute(RemoteWebDriver.java:671)
	at org.openqa.selenium.remote.RemoteWebDriver.get(RemoteWebDriver.java:364)
	at org.openqa.selenium.support.events.EventFiringWebDriver$2.invoke(EventFiringWebDriver.java:104)
	at com.sun.proxy.$Proxy6.get(Unknown Source)
	at org.openqa.selenium.support.events.EventFiringWebDriver.get(EventFiringWebDriver.java:163)
	at org.openqa.selenium.remote.server.handler.ChangeUrl.call(ChangeUrl.java:40)
	at org.openqa.selenium.remote.server.handler.ChangeUrl.call(ChangeUrl.java:25)
	at java.util.concurrent.FutureTask.run(Unknown Source)
	at org.openqa.selenium.remote.server.DefaultSession$1.run(DefaultSession.java:176)
	... 3 more
... Removed 28 stack frames]]>
    </failure>
  </testcase> <!-- @BeforeMethod openLoginPage -->
  <testcase name="@BeforeMethod openLoginPage" time="0.321" classname="tests.SeleniumGridTest.ChromGridTest">
    <failure type="org.openqa.selenium.NoSuchWindowException" message="Unable to get browser (WARNING: The server did not provide any stacktrace information)
Command duration or timeout: 14 milliseconds
Build info: version: &amp;apos;3.4.0&amp;apos;, revision: &amp;apos;unknown&amp;apos;, time: &amp;apos;unknown&amp;apos;
System info: host: &amp;apos;LILIA&amp;apos;, ip: &amp;apos;192.168.2.104&amp;apos;, os.name: &amp;apos;Windows 8.1&amp;apos;, os.arch: &amp;apos;amd64&amp;apos;, os.version: &amp;apos;6.3&amp;apos;, java.version: &amp;apos;1.8.0_131&amp;apos;
Driver info: org.openqa.selenium.ie.InternetExplorerDriver
Capabilities [{se:ieOptions={browserAttachTimeout=0.0, ie.enableFullPageScreenshot=true, enablePersistentHover=false, ie.forceCreateProcessApi=false, ie.forceShellWindowsApi=false, ignoreZoomSetting=false, ie.fileUploadDialogTimeout=3000.0, ie.useLegacyFileUploadDialogHandling=false, nativeEvents=true, ie.ensureCleanSession=false, elementScrollBehavior=0.0, ie.browserCommandLineSwitches=, requireWindowFocus=true, initialBrowserUrl=http://localhost:15493/, ignoreProtectedModeSettings=true, enableElementCacheCleanup=true}, browserName=internet explorer, pageLoadStrategy=normal, javascriptEnabled=true, version=11, platform=WINDOWS, unexpectedAlertBehaviour=dismiss}]
Session ID: 77b692fc-b457-4d80-849d-fca101920d5b
Command duration or timeout: 320 milliseconds">
      <![CDATA[org.openqa.selenium.NoSuchWindowException: Unable to get browser (WARNING: The server did not provide any stacktrace information)
Command duration or timeout: 14 milliseconds
Build info: version: '3.4.0', revision: 'unknown', time: 'unknown'
System info: host: 'LILIA', ip: '192.168.2.104', os.name: 'Windows 8.1', os.arch: 'amd64', os.version: '6.3', java.version: '1.8.0_131'
Driver info: org.openqa.selenium.ie.InternetExplorerDriver
Capabilities [{se:ieOptions={browserAttachTimeout=0.0, ie.enableFullPageScreenshot=true, enablePersistentHover=false, ie.forceCreateProcessApi=false, ie.forceShellWindowsApi=false, ignoreZoomSetting=false, ie.fileUploadDialogTimeout=3000.0, ie.useLegacyFileUploadDialogHandling=false, nativeEvents=true, ie.ensureCleanSession=false, elementScrollBehavior=0.0, ie.browserCommandLineSwitches=, requireWindowFocus=true, initialBrowserUrl=http://localhost:15493/, ignoreProtectedModeSettings=true, enableElementCacheCleanup=true}, browserName=internet explorer, pageLoadStrategy=normal, javascriptEnabled=true, version=11, platform=WINDOWS, unexpectedAlertBehaviour=dismiss}]
Session ID: 77b692fc-b457-4d80-849d-fca101920d5b
Command duration or timeout: 320 milliseconds
	at org.openqa.selenium.remote.ErrorHandler.createThrowable(ErrorHandler.java:215)
	at org.openqa.selenium.remote.ErrorHandler.throwIfResponseFailed(ErrorHandler.java:167)
	at org.openqa.selenium.remote.RemoteWebDriver.execute(RemoteWebDriver.java:671)
	at org.openqa.selenium.remote.RemoteWebDriver.get(RemoteWebDriver.java:364)
	at pages.LoginPage.open(LoginPage.java:29)
	at tests.SeleniumGridTest.ChromGridTest.openLoginPage(ChromGridTest.java:69)
	at java.util.concurrent.FutureTask.run(Unknown Source)
	at java.util.concurrent.ThreadPoolExecutor.runWorker(Unknown Source)
	at java.util.concurrent.ThreadPoolExecutor$Worker.run(Unknown Source)
	at java.lang.Thread.run(Unknown Source)
Caused by: org.openqa.selenium.remote.ScreenshotException: Screen shot has been taken
	at org.openqa.selenium.remote.ErrorHandler.throwIfResponseFailed(ErrorHandler.java:141)
	... 26 more
Caused by: org.openqa.selenium.NoSuchWindowException: Unable to get browser (WARNING: The server did not provide any stacktrace information)
Command duration or timeout: 14 milliseconds
Build info: version: '3.4.0', revision: 'unknown', time: 'unknown'
System info: host: 'LILIA', ip: '192.168.2.104', os.name: 'Windows 8.1', os.arch: 'amd64', os.version: '6.3', java.version: '1.8.0_131'
Driver info: org.openqa.selenium.ie.InternetExplorerDriver
Capabilities [{se:ieOptions={browserAttachTimeout=0.0, ie.enableFullPageScreenshot=true, enablePersistentHover=false, ie.forceCreateProcessApi=false, ie.forceShellWindowsApi=false, ignoreZoomSetting=false, ie.fileUploadDialogTimeout=3000.0, ie.useLegacyFileUploadDialogHandling=false, nativeEvents=true, ie.ensureCleanSession=false, elementScrollBehavior=0.0, ie.browserCommandLineSwitches=, requireWindowFocus=true, initialBrowserUrl=http://localhost:15493/, ignoreProtectedModeSettings=true, enableElementCacheCleanup=true}, browserName=internet explorer, pageLoadStrategy=normal, javascriptEnabled=true, version=11, platform=WINDOWS, unexpectedAlertBehaviour=dismiss}]
Session ID: 77b692fc-b457-4d80-849d-fca101920d5b
Build info: version: '3.4.0', revision: 'unknown', time: 'unknown'
System info: host: 'LILIA', ip: '192.168.2.104', os.name: 'Windows 8.1', os.arch: 'amd64', os.version: '6.3', java.version: '1.8.0_131'
Driver info: driver.version: EventFiringWebDriver
	at org.openqa.selenium.remote.ErrorHandler.createThrowable(ErrorHandler.java:215)
	at org.openqa.selenium.remote.ErrorHandler.throwIfResponseFailed(ErrorHandler.java:167)
	at org.openqa.selenium.remote.RemoteWebDriver.execute(RemoteWebDriver.java:671)
	at org.openqa.selenium.remote.RemoteWebDriver.get(RemoteWebDriver.java:364)
	at org.openqa.selenium.support.events.EventFiringWebDriver$2.invoke(EventFiringWebDriver.java:104)
	at com.sun.proxy.$Proxy6.get(Unknown Source)
	at org.openqa.selenium.support.events.EventFiringWebDriver.get(EventFiringWebDriver.java:163)
	at org.openqa.selenium.remote.server.handler.ChangeUrl.call(ChangeUrl.java:40)
	at org.openqa.selenium.remote.server.handler.ChangeUrl.call(ChangeUrl.java:25)
	at java.util.concurrent.FutureTask.run(Unknown Source)
	at org.openqa.selenium.remote.server.DefaultSession$1.run(DefaultSession.java:176)
	... 3 more
... Removed 28 stack frames]]>
    </failure>
  </testcase> <!-- @BeforeMethod openLoginPage -->
  <testcase name="changeFilter" time="29.544" classname="tests.SeleniumGridTest.ChromGridTest">
    <skipped/>
  </testcase> <!-- changeFilter -->
  <testcase name="changeFilter" time="30.574" classname="tests.SeleniumGridTest.ChromGridTest">
    <failure type="org.openqa.selenium.TimeoutException" message="Expected condition failed: waiting for visibility of element located by By.xpath: .//a[@class=&amp;apos;panel-link&amp;apos;][@href=&amp;apos;#settings&amp;apos;] (tried for 15 second(s) with 500 MILLISECONDS interval)">
      <![CDATA[org.openqa.selenium.TimeoutException: Expected condition failed: waiting for visibility of element located by By.xpath: .//a[@class='panel-link'][@href='#settings'] (tried for 15 second(s) with 500 MILLISECONDS interval)
	at org.openqa.selenium.support.ui.WebDriverWait.timeoutException(WebDriverWait.java:80)
	at org.openqa.selenium.support.ui.FluentWait.until(FluentWait.java:232)
	at pages.EmailPage.openSettings(EmailPage.java:24)
	at tests.SeleniumGridTest.ChromGridTest.changeFilter(ChromGridTest.java:82)
	at java.util.concurrent.FutureTask.run(Unknown Source)
	at java.util.concurrent.ThreadPoolExecutor.runWorker(Unknown Source)
	at java.util.concurrent.ThreadPoolExecutor$Worker.run(Unknown Source)
	at java.lang.Thread.run(Unknown Source)
Caused by: org.openqa.selenium.NoSuchElementException: Cannot locate an element using By.xpath: .//a[@class='panel-link'][@href='#settings']
For documentation on this error, please visit: http://seleniumhq.org/exceptions/no_such_element.html
Build info: version: '3.4.0', revision: 'unknown', time: 'unknown'
System info: host: 'LILIA', ip: '192.168.2.104', os.name: 'Windows 8.1', os.arch: 'amd64', os.version: '6.3', java.version: '1.8.0_131'
Driver info: driver.version: unknown
	at org.openqa.selenium.support.ui.ExpectedConditions.lambda$findElement$0(ExpectedConditions.java:883)
	at java.util.Optional.orElseThrow(Unknown Source)
	at org.openqa.selenium.support.ui.ExpectedConditions.findElement(ExpectedConditions.java:882)
	at org.openqa.selenium.support.ui.ExpectedConditions.access$000(ExpectedConditions.java:44)
	at org.openqa.selenium.support.ui.ExpectedConditions$7.apply(ExpectedConditions.java:206)
	at org.openqa.selenium.support.ui.ExpectedConditions$7.apply(ExpectedConditions.java:202)
	at org.openqa.selenium.support.ui.FluentWait.until(FluentWait.java:209)
	... 22 more
... Removed 16 stack frames]]>
    </failure>
  </testcase> <!-- changeFilter -->
  <testcase name="changePswrd" time="0.0" classname="tests.SeleniumGridTest.ChromGridTest">
    <skipped/>
  </testcase> <!-- changePswrd -->
  <testcase name="sendLetter" time="0.0" classname="tests.SeleniumGridTest.ChromGridTest">
    <skipped/>
  </testcase> <!-- sendLetter -->
  <testcase name="makeContact" time="0.0" classname="tests.SeleniumGridTest.ChromGridTest">
    <skipped/>
  </testcase> <!-- makeContact -->
</testsuite> <!-- IETest -->
